[Peer 2] recebeu bloco 0 do peer 1
[Peer 2] recebeu bloco 1 do peer 1
[Peer 2] recebeu bloco 2 do peer 1
[Peer 2] recebeu bloco 3 do peer 1
[Peer 2] recebeu bloco 4 do peer 1
[Peer 2] recebeu bloco 5 do peer 1
[Peer 2] recebeu bloco 6 do peer 1
[Peer 2] recebeu bloco 7 do peer 1
[Peer 2] recebeu bloco 8 do peer 1
[Peer 2] recebeu bloco 9 do peer 1
Arquivo montado com SHA256 0b5410785805bf0430637e4dcda399fdfec1c07e291d5799a170dde7804be042
[Peer 2] recebeu bloco 0 do peer 1
[Peer 2] recebeu bloco 1 do peer 1
[Peer 2] recebeu bloco 2 do peer 1
[Peer 2] recebeu bloco 3 do peer 1
[Peer 2] recebeu bloco 4 do peer 1
[Peer 2] recebeu bloco 5 do peer 1
[Peer 2] recebeu bloco 6 do peer 1
[Peer 2] recebeu bloco 7 do peer 1
[Peer 2] recebeu bloco 8 do peer 1
[Peer 2] recebeu bloco 9 do peer 1
Arquivo montado com SHA256 0b5410785805bf0430637e4dcda399fdfec1c07e291d5799a170dde7804be042
Metadata recebida
[Peer 2] recebeu bloco 0 do peer 1
[Peer 2] recebeu bloco 1 do peer 1
[Peer 2] recebeu bloco 2 do peer 1
[Peer 2] recebeu bloco 3 do peer 1
[Peer 2] recebeu bloco 4 do peer 1
[Peer 2] recebeu bloco 5 do peer 1
[Peer 2] recebeu bloco 6 do peer 1
[Peer 2] recebeu bloco 7 do peer 1
[Peer 2] recebeu bloco 8 do peer 1
[Peer 2] recebeu bloco 9 do peer 1
Integridade OK
Metadata recebida
[Peer 2] recebeu bloco 0 do peer 1
[Peer 2] recebeu bloco 1 do peer 1
[Peer 2] recebeu bloco 2 do peer 1
[Peer 2] recebeu bloco 3 do peer 1
[Peer 2] recebeu bloco 4 do peer 1
[Peer 2] recebeu bloco 5 do peer 1
[Peer 2] recebeu bloco 6 do peer 1
[Peer 2] recebeu bloco 7 do peer 1
[Peer 2] recebeu bloco 8 do peer 1
[Peer 2] recebeu bloco 9 do peer 1
Integridade OK
[Peer 2] enviou bloco 0 para ('127.0.0.1', 57211)
[Peer 2] enviou bloco 1 para ('127.0.0.1', 57212)
[Peer 2] enviou bloco 2 para ('127.0.0.1', 57213)
[Peer 2] enviou bloco 3 para ('127.0.0.1', 57214)
[Peer 2] enviou bloco 4 para ('127.0.0.1', 57215)
[Peer 2] enviou bloco 5 para ('127.0.0.1', 57216)
[Peer 2] enviou bloco 6 para ('127.0.0.1', 57217)
[Peer 2] enviou bloco 7 para ('127.0.0.1', 57218)
[Peer 2] enviou bloco 8 para ('127.0.0.1', 57219)
[Peer 2] enviou bloco 9 para ('127.0.0.1', 57220)
Metadata recebida
[Peer 2] recebeu bloco 0 do Peer 1
[Peer 2] recebeu bloco 1 do Peer 1
[Peer 2] recebeu bloco 2 do Peer 1
[Peer 2] recebeu bloco 3 do Peer 1
[Peer 2] recebeu bloco 4 do Peer 1
[Peer 2] recebeu bloco 5 do Peer 1
[Peer 2] recebeu bloco 6 do Peer 1
[Peer 2] recebeu bloco 7 do Peer 1
[Peer 2] recebeu bloco 8 do Peer 1
[Peer 2] recebeu bloco 9 do Peer 1
Integridade OK
Metadata recebida
Recebeu bloco 0 do peer 1
Recebeu bloco 1 do peer 1
Recebeu bloco 2 do peer 1
Recebeu bloco 3 do peer 1
Recebeu bloco 4 do peer 1
Recebeu bloco 5 do peer 1
Recebeu bloco 6 do peer 1
Recebeu bloco 7 do peer 1
Recebeu bloco 8 do peer 1
Recebeu bloco 9 do peer 1
Integridade OK
Metadata recebida
Recebeu bloco 0 do peer 1
Recebeu bloco 1 do peer 1
Recebeu bloco 2 do peer 1
Recebeu bloco 3 do peer 1
Recebeu bloco 4 do peer 1
Recebeu bloco 5 do peer 1
Recebeu bloco 6 do peer 1
Recebeu bloco 7 do peer 1
Recebeu bloco 8 do peer 1
Recebeu bloco 9 do peer 1
Integridade OK
Metadata recebida
Recebeu bloco 0 do peer 1
Recebeu bloco 1 do peer 1
Recebeu bloco 2 do peer 1
Integridade OK
Metadata recebida
Recebeu bloco 0 do peer 1
Recebeu bloco 1 do peer 1
Recebeu bloco 2 do peer 1
Integridade OK
Metadata recebida
Recebeu bloco 0 do peer 1
Recebeu bloco 1 do peer 1
Recebeu bloco 2 do peer 1
Integridade OK
